<?xml version="1.0" encoding="UTF-8"?>
<testsuite xmlns:xsi="http://www.w3.org/2001/XMLSchema-instance" xsi:noNamespaceSchemaLocation="https://maven.apache.org/surefire/maven-surefire-plugin/xsd/surefire-test-report-3.0.xsd" version="3.0" name="com.ecommercebackend.javaspring.JavaSpringApplicationTests" time="2.148" tests="1" errors="0" skipped="0" failures="0">
  <properties>
[...]
</properties>
  <testcase name="contextLoads" classname="com.ecommercebackend.javaspring.JavaSpringApplicationTests" time="0.387">
    <system-out><![CDATA[09:33:50.535 [main] INFO org.springframework.test.context.support.AnnotationConfigContextLoaderUtils -- Could not detect default configuration classes for test class [com.ecommercebackend.javaspring.JavaSpringApplicationTests]: JavaSpringApplicationTests does not declare any static, non-private, non-final, nested classes annotated with @Configuration.
09:33:50.583 [main] INFO org.springframework.boot.test.context.SpringBootTestContextBootstrapper -- Found @SpringBootConfiguration com.ecommercebackend.javaspring.JavaSpringApplication for test class com.ecommercebackend.javaspring.JavaSpringApplicationTests

  .   ____          _            __ _ _
 /\\ / ___'_ __ _ _(_)_ __  __ _ \ \ \ \
( ( )\___ | '_ | '_| | '_ \/ _` | \ \ \ \
 \\/  ___)| |_)| | | | | || (_| |  ) ) ) )
  '  |____| .__|_| |_|_| |_\__, | / / / /
 =========|_|==============|___/=/_/_/_/
 :: Spring Boot ::                (v3.2.3)

2024-02-27T09:33:50.765+03:00  INFO 1726 --- [           main] c.e.j.JavaSpringApplicationTests         : Starting JavaSpringApplicationTests using Java 17.0.10 with PID 1726 (started by muratsimsek in /Users/muratsimsek/Workintech/e-commerce-backend)
2024-02-27T09:33:50.766+03:00  INFO 1726 --- [           main] c.e.j.JavaSpringApplicationTests         : No active profile set, falling back to 1 default profile: "default"
2024-02-27T09:33:51.086+03:00  INFO 1726 --- [           main] .s.d.r.c.RepositoryConfigurationDelegate : Bootstrapping Spring Data JPA repositories in DEFAULT mode.
2024-02-27T09:33:51.098+03:00  INFO 1726 --- [           main] .s.d.r.c.RepositoryConfigurationDelegate : Finished Spring Data repository scanning in 6 ms. Found 0 JPA repository interfaces.
2024-02-27T09:33:51.314+03:00  INFO 1726 --- [           main] com.zaxxer.hikari.HikariDataSource       : HikariPool-1 - Starting...
2024-02-27T09:33:51.438+03:00  INFO 1726 --- [           main] com.zaxxer.hikari.pool.HikariPool        : HikariPool-1 - Added connection org.postgresql.jdbc.PgConnection@d88f893
2024-02-27T09:33:51.438+03:00  INFO 1726 --- [           main] com.zaxxer.hikari.HikariDataSource       : HikariPool-1 - Start completed.
2024-02-27T09:33:51.459+03:00  INFO 1726 --- [           main] o.hibernate.jpa.internal.util.LogHelper  : HHH000204: Processing PersistenceUnitInfo [name: default]
2024-02-27T09:33:51.491+03:00  INFO 1726 --- [           main] org.hibernate.Version                    : HHH000412: Hibernate ORM core version 6.4.4.Final
2024-02-27T09:33:51.506+03:00  INFO 1726 --- [           main] o.h.c.internal.RegionFactoryInitiator    : HHH000026: Second-level cache disabled
2024-02-27T09:33:51.619+03:00  INFO 1726 --- [           main] o.s.o.j.p.SpringPersistenceUnitInfo      : No LoadTimeWeaver setup: ignoring JPA class transformer
2024-02-27T09:33:51.836+03:00  INFO 1726 --- [           main] o.h.e.t.j.p.i.JtaPlatformInitiator       : HHH000489: No JTA platform available (set 'hibernate.transaction.jta.platform' to enable JTA platform integration)
2024-02-27T09:33:51.838+03:00  INFO 1726 --- [           main] j.LocalContainerEntityManagerFactoryBean : Initialized JPA EntityManagerFactory for persistence unit 'default'
2024-02-27T09:33:51.921+03:00  WARN 1726 --- [           main] JpaBaseConfiguration$JpaWebConfiguration : spring.jpa.open-in-view is enabled by default. Therefore, database queries may be performed during view rendering. Explicitly configure spring.jpa.open-in-view to disable this warning
2024-02-27T09:33:52.118+03:00  WARN 1726 --- [           main] .s.s.UserDetailsServiceAutoConfiguration : 

Using generated security password: 71bc88f8-e1f5-4d74-af7e-7185e9826f7b

This generated password is for development use only. Your security configuration must be updated before running your application in production.

2024-02-27T09:33:52.178+03:00  INFO 1726 --- [           main] o.s.s.web.DefaultSecurityFilterChain     : Will secure any request with [org.springframework.security.web.session.DisableEncodeUrlFilter@5305f936, org.springframework.security.web.context.request.async.WebAsyncManagerIntegrationFilter@2b1a1a37, org.springframework.security.web.context.SecurityContextHolderFilter@2ee095c9, org.springframework.security.web.header.HeaderWriterFilter@72288480, org.springframework.web.filter.CorsFilter@7d90764a, org.springframework.security.web.csrf.CsrfFilter@20171cdc, org.springframework.security.web.authentication.logout.LogoutFilter@2b15ba1a, org.springframework.security.web.authentication.UsernamePasswordAuthenticationFilter@30a791a6, org.springframework.security.web.authentication.ui.DefaultLoginPageGeneratingFilter@4db16677, org.springframework.security.web.authentication.ui.DefaultLogoutPageGeneratingFilter@6843fdc4, org.springframework.security.web.authentication.www.BasicAuthenticationFilter@5fd4e67f, org.springframework.security.web.savedrequest.RequestCacheAwareFilter@77fb1002, org.springframework.security.web.servletapi.SecurityContextHolderAwareRequestFilter@e2f6a45, org.springframework.security.web.authentication.AnonymousAuthenticationFilter@147375b3, org.springframework.security.web.access.ExceptionTranslationFilter@1136122a, org.springframework.security.web.access.intercept.AuthorizationFilter@19213a74]
2024-02-27T09:33:52.207+03:00  INFO 1726 --- [           main] c.e.j.JavaSpringApplicationTests         : Started JavaSpringApplicationTests in 1.558 seconds (process running for 1.981)
]]></system-out>
  </testcase>
</testsuite>